<?xml version="1.0" encoding="UTF-8"?>
<testsuite name="com.crud.tasks.controller.TrelloControllerTest" tests="3" skipped="0" failures="0" errors="0" timestamp="2018-05-19T08:42:34" hostname="MBP-Marcin" time="0.245">
  <properties/>
  <testcase name="shouldFetchTrelloBoards" classname="com.crud.tasks.controller.TrelloControllerTest" time="0.161"/>
  <testcase name="shouldFetchEmptyTrelloBoards" classname="com.crud.tasks.controller.TrelloControllerTest" time="0.005"/>
  <testcase name="shouldCreateTrelloCard" classname="com.crud.tasks.controller.TrelloControllerTest" time="0.075"/>
  <system-out><![CDATA[2018-05-19 10:42:32.984  INFO 3509 --- [    Test worker] .b.t.a.w.s.WebMvcTestContextBootstrapper : Neither @ContextConfiguration nor @ContextHierarchy found for test class [com.crud.tasks.controller.TrelloControllerTest], using SpringBootContextLoader
2018-05-19 10:42:32.985  INFO 3509 --- [    Test worker] o.s.t.c.support.AbstractContextLoader    : Could not detect default resource locations for test class [com.crud.tasks.controller.TrelloControllerTest]: no resource found for suffixes {-context.xml, Context.groovy}.
2018-05-19 10:42:32.985  INFO 3509 --- [    Test worker] t.c.s.AnnotationConfigContextLoaderUtils : Could not detect default configuration classes for test class [com.crud.tasks.controller.TrelloControllerTest]: TrelloControllerTest does not declare any static, non-private, non-final, nested classes annotated with @Configuration.
2018-05-19 10:42:33.016  INFO 3509 --- [    Test worker] .b.t.c.SpringBootTestContextBootstrapper : Found @SpringBootConfiguration com.crud.tasks.TasksApplication for test class com.crud.tasks.controller.TrelloControllerTest
2018-05-19 10:42:33.018  INFO 3509 --- [    Test worker] .b.t.a.w.s.WebMvcTestContextBootstrapper : Loaded default TestExecutionListener class names from location [META-INF/spring.factories]: [org.springframework.boot.test.autoconfigure.restdocs.RestDocsTestExecutionListener, org.springframework.boot.test.autoconfigure.web.client.MockRestServiceServerResetTestExecutionListener, org.springframework.boot.test.autoconfigure.web.servlet.MockMvcPrintOnlyOnFailureTestExecutionListener, org.springframework.boot.test.autoconfigure.web.servlet.WebDriverTestExecutionListener, org.springframework.boot.test.mock.mockito.MockitoTestExecutionListener, org.springframework.boot.test.mock.mockito.ResetMocksTestExecutionListener, org.springframework.test.context.web.ServletTestExecutionListener, org.springframework.test.context.support.DirtiesContextBeforeModesTestExecutionListener, org.springframework.test.context.support.DependencyInjectionTestExecutionListener, org.springframework.test.context.support.DirtiesContextTestExecutionListener, org.springframework.test.context.transaction.TransactionalTestExecutionListener, org.springframework.test.context.jdbc.SqlScriptsTestExecutionListener]
2018-05-19 10:42:33.020  INFO 3509 --- [    Test worker] .b.t.a.w.s.WebMvcTestContextBootstrapper : Using TestExecutionListeners: [org.springframework.test.context.web.ServletTestExecutionListener@6f78d40b, org.springframework.test.context.support.DirtiesContextBeforeModesTestExecutionListener@76cb2188, org.springframework.boot.test.mock.mockito.MockitoTestExecutionListener@5fd6c992, org.springframework.boot.test.autoconfigure.SpringBootDependencyInjectionTestExecutionListener@62409b39, org.springframework.test.context.support.DirtiesContextTestExecutionListener@4bb1d3f6, org.springframework.test.context.transaction.TransactionalTestExecutionListener@64596c69, org.springframework.test.context.jdbc.SqlScriptsTestExecutionListener@daab329, org.springframework.boot.test.autoconfigure.restdocs.RestDocsTestExecutionListener@6bd568f6, org.springframework.boot.test.autoconfigure.web.client.MockRestServiceServerResetTestExecutionListener@2ebe2819, org.springframework.boot.test.autoconfigure.web.servlet.MockMvcPrintOnlyOnFailureTestExecutionListener@1ab3383, org.springframework.boot.test.autoconfigure.web.servlet.WebDriverTestExecutionListener@5940fb64, org.springframework.boot.test.mock.mockito.ResetMocksTestExecutionListener@1912aa62]

  .   ____          _            __ _ _
 /\\ / ___'_ __ _ _(_)_ __  __ _ \ \ \ \
( ( )\___ | '_ | '_| | '_ \/ _` | \ \ \ \
 \\/  ___)| |_)| | | | | || (_| |  ) ) ) )
  '  |____| .__|_| |_|_| |_\__, | / / / /
 =========|_|==============|___/=/_/_/_/
 :: Spring Boot ::        (v2.0.0.RELEASE)

2018-05-19 10:42:33.067  INFO 3509 --- [    Test worker] c.c.t.controller.TrelloControllerTest    : Starting TrelloControllerTest on MBP-Marcin with PID 3509 (started by marcinptaszny in /Users/marcinptaszny/IdeaProjects/marcin-ptaszny-kodilla-tasks)
2018-05-19 10:42:33.069  INFO 3509 --- [    Test worker] c.c.t.controller.TrelloControllerTest    : No active profile set, falling back to default profiles: default
2018-05-19 10:42:33.071  INFO 3509 --- [    Test worker] o.s.w.c.s.GenericWebApplicationContext   : Refreshing org.springframework.web.context.support.GenericWebApplicationContext@4e1acb66: startup date [Sat May 19 10:42:33 CEST 2018]; root of context hierarchy
2018-05-19 10:42:33.791  INFO 3509 --- [    Test worker] s.w.s.m.m.a.RequestMappingHandlerMapping : Mapped "{[/v1/trello/boards],methods=[GET]}" onto public java.util.List<com.crud.tasks.domain.TrelloBoardDto> com.crud.tasks.controller.TrelloController.getTrelloBoards()
2018-05-19 10:42:33.791  INFO 3509 --- [    Test worker] s.w.s.m.m.a.RequestMappingHandlerMapping : Mapped "{[/v1/trello/cards],methods=[POST]}" onto public com.crud.tasks.domain.CreatedTrelloCardDto com.crud.tasks.controller.TrelloController.createdTrelloCard(com.crud.tasks.domain.TrelloCardDto)
2018-05-19 10:42:33.796  INFO 3509 --- [    Test worker] s.w.s.m.m.a.RequestMappingHandlerMapping : Mapped "{[/swagger-resources/configuration/security]}" onto public org.springframework.http.ResponseEntity<springfox.documentation.swagger.web.SecurityConfiguration> springfox.documentation.swagger.web.ApiResourceController.securityConfiguration()
2018-05-19 10:42:33.797  INFO 3509 --- [    Test worker] s.w.s.m.m.a.RequestMappingHandlerMapping : Mapped "{[/swagger-resources/configuration/ui]}" onto public org.springframework.http.ResponseEntity<springfox.documentation.swagger.web.UiConfiguration> springfox.documentation.swagger.web.ApiResourceController.uiConfiguration()
2018-05-19 10:42:33.798  INFO 3509 --- [    Test worker] s.w.s.m.m.a.RequestMappingHandlerMapping : Mapped "{[/swagger-resources]}" onto public org.springframework.http.ResponseEntity<java.util.List<springfox.documentation.swagger.web.SwaggerResource>> springfox.documentation.swagger.web.ApiResourceController.swaggerResources()
2018-05-19 10:42:33.801  INFO 3509 --- [    Test worker] s.w.s.m.m.a.RequestMappingHandlerMapping : Mapped "{[/error]}" onto public org.springframework.http.ResponseEntity<java.util.Map<java.lang.String, java.lang.Object>> org.springframework.boot.autoconfigure.web.servlet.error.BasicErrorController.error(javax.servlet.http.HttpServletRequest)
2018-05-19 10:42:33.801  INFO 3509 --- [    Test worker] s.w.s.m.m.a.RequestMappingHandlerMapping : Mapped "{[/error],produces=[text/html]}" onto public org.springframework.web.servlet.ModelAndView org.springframework.boot.autoconfigure.web.servlet.error.BasicErrorController.errorHtml(javax.servlet.http.HttpServletRequest,javax.servlet.http.HttpServletResponse)
2018-05-19 10:42:33.911  INFO 3509 --- [    Test worker] pertySourcedRequestMappingHandlerMapping : Mapped URL path [/v2/api-docs] onto method [public org.springframework.http.ResponseEntity<springfox.documentation.spring.web.json.Json> springfox.documentation.swagger2.web.Swagger2Controller.getDocumentation(java.lang.String,javax.servlet.http.HttpServletRequest)]
2018-05-19 10:42:34.067  INFO 3509 --- [    Test worker] s.w.s.m.m.a.RequestMappingHandlerAdapter : Looking for @ControllerAdvice: org.springframework.web.context.support.GenericWebApplicationContext@4e1acb66: startup date [Sat May 19 10:42:33 CEST 2018]; root of context hierarchy
2018-05-19 10:42:34.105  INFO 3509 --- [    Test worker] o.s.w.s.handler.SimpleUrlHandlerMapping  : Mapped URL path [/lib/**] onto handler of type [class org.springframework.web.servlet.resource.ResourceHttpRequestHandler]
2018-05-19 10:42:34.105  INFO 3509 --- [    Test worker] o.s.w.s.handler.SimpleUrlHandlerMapping  : Mapped URL path [/images/**] onto handler of type [class org.springframework.web.servlet.resource.ResourceHttpRequestHandler]
2018-05-19 10:42:34.105  INFO 3509 --- [    Test worker] o.s.w.s.handler.SimpleUrlHandlerMapping  : Mapped URL path [/css/**] onto handler of type [class org.springframework.web.servlet.resource.ResourceHttpRequestHandler]
2018-05-19 10:42:34.105  INFO 3509 --- [    Test worker] o.s.w.s.handler.SimpleUrlHandlerMapping  : Mapped URL path [/swagger-ui.html] onto handler of type [class org.springframework.web.servlet.resource.ResourceHttpRequestHandler]
2018-05-19 10:42:34.105  INFO 3509 --- [    Test worker] o.s.w.s.handler.SimpleUrlHandlerMapping  : Mapped URL path [/webjars/**] onto handler of type [class org.springframework.web.servlet.resource.ResourceHttpRequestHandler]
2018-05-19 10:42:34.106  INFO 3509 --- [    Test worker] o.s.w.s.handler.SimpleUrlHandlerMapping  : Mapped URL path [/**] onto handler of type [class org.springframework.web.servlet.resource.ResourceHttpRequestHandler]
2018-05-19 10:42:34.140  INFO 3509 --- [    Test worker] o.s.w.s.handler.SimpleUrlHandlerMapping  : Mapped URL path [/**/favicon.ico] onto handler of type [class org.springframework.web.servlet.resource.ResourceHttpRequestHandler]
2018-05-19 10:42:34.215  INFO 3509 --- [    Test worker] o.s.b.a.w.s.WelcomePageHandlerMapping    : Adding welcome page template: index
2018-05-19 10:42:34.345  INFO 3509 --- [    Test worker] o.s.b.t.m.w.SpringBootMockServletContext : Initializing Spring FrameworkServlet ''
2018-05-19 10:42:34.345  INFO 3509 --- [    Test worker] o.s.t.web.servlet.TestDispatcherServlet  : FrameworkServlet '': initialization started
2018-05-19 10:42:34.364  INFO 3509 --- [    Test worker] o.s.t.web.servlet.TestDispatcherServlet  : FrameworkServlet '': initialization completed in 19 ms
2018-05-19 10:42:34.501  INFO 3509 --- [    Test worker] o.s.c.support.DefaultLifecycleProcessor  : Starting beans in phase 2147483647
2018-05-19 10:42:34.501  INFO 3509 --- [    Test worker] d.s.w.p.DocumentationPluginsBootstrapper : Context refreshed
2018-05-19 10:42:34.502  INFO 3509 --- [    Test worker] d.s.w.p.DocumentationPluginsBootstrapper : Found 1 custom documentation plugin(s)
2018-05-19 10:42:34.508  INFO 3509 --- [    Test worker] s.d.s.w.s.ApiListingReferenceScanner     : Scanning for api listing references
2018-05-19 10:42:34.512  INFO 3509 --- [    Test worker] c.c.t.controller.TrelloControllerTest    : Started TrelloControllerTest in 1.486 seconds (JVM running for 14.3)
2018-05-19 10:42:34.573 ERROR 3509 --- [pool-2-thread-1] o.s.mail.SimpleMailMessage               : Failed to process email sending: 

org.springframework.mail.MailSendException: Failed messages: com.sun.mail.smtp.SMTPSendFailedException: 550 5.4.5 Daily user sending quota exceeded. x66-v6sm1987090lfb.47 - gsmtp

	at org.springframework.mail.javamail.JavaMailSenderImpl.doSend(JavaMailSenderImpl.java:488) ~[spring-context-support-5.0.4.RELEASE.jar:5.0.4.RELEASE]
	at org.springframework.mail.javamail.JavaMailSenderImpl.send(JavaMailSenderImpl.java:359) ~[spring-context-support-5.0.4.RELEASE.jar:5.0.4.RELEASE]
	at org.springframework.mail.javamail.JavaMailSenderImpl.send(JavaMailSenderImpl.java:376) ~[spring-context-support-5.0.4.RELEASE.jar:5.0.4.RELEASE]
	at org.springframework.mail.javamail.JavaMailSenderImpl.send(JavaMailSenderImpl.java:364) ~[spring-context-support-5.0.4.RELEASE.jar:5.0.4.RELEASE]
	at com.crud.tasks.service.SimpleEmailService.send(SimpleEmailService.java:31) ~[main/:na]
	at com.crud.tasks.scheduler.EmailScheduler.sendInformationEmail(EmailScheduler.java:37) [main/:na]
	at sun.reflect.NativeMethodAccessorImpl.invoke0(Native Method) ~[na:1.8.0_152]
	at sun.reflect.NativeMethodAccessorImpl.invoke(NativeMethodAccessorImpl.java:62) ~[na:1.8.0_152]
	at sun.reflect.DelegatingMethodAccessorImpl.invoke(DelegatingMethodAccessorImpl.java:43) ~[na:1.8.0_152]
	at java.lang.reflect.Method.invoke(Method.java:498) ~[na:1.8.0_152]
	at org.springframework.scheduling.support.ScheduledMethodRunnable.run(ScheduledMethodRunnable.java:65) [spring-context-5.0.4.RELEASE.jar:5.0.4.RELEASE]
	at org.springframework.scheduling.support.DelegatingErrorHandlingRunnable.run(DelegatingErrorHandlingRunnable.java:54) [spring-context-5.0.4.RELEASE.jar:5.0.4.RELEASE]
	at java.util.concurrent.Executors$RunnableAdapter.call(Executors.java:511) [na:1.8.0_152]
	at java.util.concurrent.FutureTask.runAndReset(FutureTask.java:308) [na:1.8.0_152]
	at java.util.concurrent.ScheduledThreadPoolExecutor$ScheduledFutureTask.access$301(ScheduledThreadPoolExecutor.java:180) [na:1.8.0_152]
	at java.util.concurrent.ScheduledThreadPoolExecutor$ScheduledFutureTask.run(ScheduledThreadPoolExecutor.java:294) [na:1.8.0_152]
	at java.util.concurrent.ThreadPoolExecutor.runWorker(ThreadPoolExecutor.java:1149) [na:1.8.0_152]
	at java.util.concurrent.ThreadPoolExecutor$Worker.run(ThreadPoolExecutor.java:624) [na:1.8.0_152]
	at java.lang.Thread.run(Thread.java:748) [na:1.8.0_152]

]]></system-out>
  <system-err><![CDATA[]]></system-err>
</testsuite>
