<?xml version="1.0" encoding="UTF-8"?>
<testsuite name="com.crud.tasks.trello.client.TrelloClientTest" tests="3" skipped="0" failures="0" errors="0" timestamp="2018-05-05T16:52:32" hostname="MBP-Marcin" time="0.013">
  <properties/>
  <testcase name="shouldReturnEmptyList" classname="com.crud.tasks.trello.client.TrelloClientTest" time="0.009"/>
  <testcase name="shouldFetchTrelloBoards" classname="com.crud.tasks.trello.client.TrelloClientTest" time="0.001"/>
  <testcase name="shouldCreateCard" classname="com.crud.tasks.trello.client.TrelloClientTest" time="0.001"/>
  <system-out><![CDATA[2018-05-05 18:52:32.013  INFO 2153 --- [pool-1-thread-1] o.h.h.i.QueryTranslatorFactoryInitiator  : HHH000397: Using ASTQueryTranslatorFactory
2018-05-05 18:52:32.174  INFO 2153 --- [pool-1-thread-1] o.s.mail.SimpleMailMessage               : Starting email preparation..
]]></system-out>
  <system-err><![CDATA[]]></system-err>
</testsuite>
