<?xml version="1.0" encoding="UTF-8"?>
<testsuite name="com.crud.tasks.facade.TrelloFacadeTestSuite" tests="4" skipped="0" failures="0" errors="0" timestamp="2018-05-19T06:41:39" hostname="MBP-Marcin" time="0.009">
  <properties/>
  <testcase name="testMapToCardDto" classname="com.crud.tasks.facade.TrelloFacadeTestSuite" time="0.0"/>
  <testcase name="tstMapToBoard" classname="com.crud.tasks.facade.TrelloFacadeTestSuite" time="0.007"/>
  <testcase name="testMapToCard" classname="com.crud.tasks.facade.TrelloFacadeTestSuite" time="0.0"/>
  <testcase name="testMapToBoardDtos" classname="com.crud.tasks.facade.TrelloFacadeTestSuite" time="0.001"/>
  <system-out><![CDATA[]]></system-out>
  <system-err><![CDATA[]]></system-err>
</testsuite>
