<?xml version="1.0" encoding="UTF-8"?>
<testsuite name="com.crud.tasks.facade.TrelloFacadeTestSuite" tests="4" skipped="0" failures="0" errors="0" timestamp="2018-05-19T08:42:32" hostname="MBP-Marcin" time="0.003">
  <properties/>
  <testcase name="testMapToCardDto" classname="com.crud.tasks.facade.TrelloFacadeTestSuite" time="0.0"/>
  <testcase name="tstMapToBoard" classname="com.crud.tasks.facade.TrelloFacadeTestSuite" time="0.001"/>
  <testcase name="testMapToCard" classname="com.crud.tasks.facade.TrelloFacadeTestSuite" time="0.0"/>
  <testcase name="testMapToBoardDtos" classname="com.crud.tasks.facade.TrelloFacadeTestSuite" time="0.001"/>
  <system-out><![CDATA[2018-05-19 10:42:32.167  INFO 3509 --- [pool-2-thread-1] o.s.mail.SimpleMailMessage               : Starting email preparation..
]]></system-out>
  <system-err><![CDATA[]]></system-err>
</testsuite>
