<?xml version="1.0" encoding="UTF-8"?>
<testsuite name="com.crud.tasks.controller.TaskControllerTest" tests="5" skipped="0" failures="0" errors="0" timestamp="2018-05-06T17:15:13" hostname="MBP-Marcin" time="0.061">
  <properties/>
  <testcase name="shouldUpdateTask" classname="com.crud.tasks.controller.TaskControllerTest" time="0.023"/>
  <testcase name="shouldCreateTask" classname="com.crud.tasks.controller.TaskControllerTest" time="0.005"/>
  <testcase name="shouldDeleteTask" classname="com.crud.tasks.controller.TaskControllerTest" time="0.007"/>
  <testcase name="shouldGetTasks" classname="com.crud.tasks.controller.TaskControllerTest" time="0.006"/>
  <testcase name="shouldGetTaskById" classname="com.crud.tasks.controller.TaskControllerTest" time="0.012"/>
  <system-out><![CDATA[2018-05-06 19:15:11.958  INFO 4106 --- [    Test worker] .b.t.a.w.s.WebMvcTestContextBootstrapper : Neither @ContextConfiguration nor @ContextHierarchy found for test class [com.crud.tasks.controller.TaskControllerTest], using SpringBootContextLoader
2018-05-06 19:15:11.959  INFO 4106 --- [    Test worker] o.s.t.c.support.AbstractContextLoader    : Could not detect default resource locations for test class [com.crud.tasks.controller.TaskControllerTest]: no resource found for suffixes {-context.xml, Context.groovy}.
2018-05-06 19:15:11.960  INFO 4106 --- [    Test worker] t.c.s.AnnotationConfigContextLoaderUtils : Could not detect default configuration classes for test class [com.crud.tasks.controller.TaskControllerTest]: TaskControllerTest does not declare any static, non-private, non-final, nested classes annotated with @Configuration.
2018-05-06 19:15:11.963  INFO 4106 --- [    Test worker] .b.t.c.SpringBootTestContextBootstrapper : Found @SpringBootConfiguration com.crud.tasks.TasksApplication for test class com.crud.tasks.controller.TaskControllerTest
2018-05-06 19:15:11.964  INFO 4106 --- [    Test worker] .b.t.a.w.s.WebMvcTestContextBootstrapper : Loaded default TestExecutionListener class names from location [META-INF/spring.factories]: [org.springframework.boot.test.autoconfigure.restdocs.RestDocsTestExecutionListener, org.springframework.boot.test.autoconfigure.web.client.MockRestServiceServerResetTestExecutionListener, org.springframework.boot.test.autoconfigure.web.servlet.MockMvcPrintOnlyOnFailureTestExecutionListener, org.springframework.boot.test.autoconfigure.web.servlet.WebDriverTestExecutionListener, org.springframework.boot.test.mock.mockito.MockitoTestExecutionListener, org.springframework.boot.test.mock.mockito.ResetMocksTestExecutionListener, org.springframework.test.context.web.ServletTestExecutionListener, org.springframework.test.context.support.DirtiesContextBeforeModesTestExecutionListener, org.springframework.test.context.support.DependencyInjectionTestExecutionListener, org.springframework.test.context.support.DirtiesContextTestExecutionListener, org.springframework.test.context.transaction.TransactionalTestExecutionListener, org.springframework.test.context.jdbc.SqlScriptsTestExecutionListener]
2018-05-06 19:15:11.965  INFO 4106 --- [    Test worker] .b.t.a.w.s.WebMvcTestContextBootstrapper : Using TestExecutionListeners: [org.springframework.test.context.web.ServletTestExecutionListener@54a7bbf0, org.springframework.test.context.support.DirtiesContextBeforeModesTestExecutionListener@187f0273, org.springframework.boot.test.mock.mockito.MockitoTestExecutionListener@220cf081, org.springframework.boot.test.autoconfigure.SpringBootDependencyInjectionTestExecutionListener@73cbd060, org.springframework.test.context.support.DirtiesContextTestExecutionListener@1ada9dd2, org.springframework.test.context.transaction.TransactionalTestExecutionListener@7ad66860, org.springframework.test.context.jdbc.SqlScriptsTestExecutionListener@3f1b1743, org.springframework.boot.test.autoconfigure.restdocs.RestDocsTestExecutionListener@127e8810, org.springframework.boot.test.autoconfigure.web.client.MockRestServiceServerResetTestExecutionListener@5c84b380, org.springframework.boot.test.autoconfigure.web.servlet.MockMvcPrintOnlyOnFailureTestExecutionListener@15d85518, org.springframework.boot.test.autoconfigure.web.servlet.WebDriverTestExecutionListener@729ef9ef, org.springframework.boot.test.mock.mockito.ResetMocksTestExecutionListener@1446d1a4]

  .   ____          _            __ _ _
 /\\ / ___'_ __ _ _(_)_ __  __ _ \ \ \ \
( ( )\___ | '_ | '_| | '_ \/ _` | \ \ \ \
 \\/  ___)| |_)| | | | | || (_| |  ) ) ) )
  '  |____| .__|_| |_|_| |_\__, | / / / /
 =========|_|==============|___/=/_/_/_/
 :: Spring Boot ::        (v2.0.0.RELEASE)

2018-05-06 19:15:11.999  INFO 4106 --- [    Test worker] c.c.tasks.controller.TaskControllerTest  : Starting TaskControllerTest on MBP-Marcin with PID 4106 (started by marcinptaszny in /Users/marcinptaszny/IdeaProjects/marcin-ptaszny-kodilla-tasks)
2018-05-06 19:15:12.002  INFO 4106 --- [    Test worker] c.c.tasks.controller.TaskControllerTest  : No active profile set, falling back to default profiles: default
2018-05-06 19:15:12.006  INFO 4106 --- [    Test worker] o.s.w.c.s.GenericWebApplicationContext   : Refreshing org.springframework.web.context.support.GenericWebApplicationContext@664e34d8: startup date [Sun May 06 19:15:12 CEST 2018]; root of context hierarchy
2018-05-06 19:15:12.501  INFO 4106 --- [    Test worker] s.w.s.m.m.a.RequestMappingHandlerMapping : Mapped "{[/v1/task/getTask],methods=[GET]}" onto public com.crud.tasks.domain.TaskDto com.crud.tasks.controller.TaskController.getTask(java.lang.Long) throws com.crud.tasks.controller.TaskNotFoundException
2018-05-06 19:15:12.502  INFO 4106 --- [    Test worker] s.w.s.m.m.a.RequestMappingHandlerMapping : Mapped "{[/v1/task/updateTask],methods=[PUT]}" onto public com.crud.tasks.domain.TaskDto com.crud.tasks.controller.TaskController.updateTask(com.crud.tasks.domain.TaskDto)
2018-05-06 19:15:12.503  INFO 4106 --- [    Test worker] s.w.s.m.m.a.RequestMappingHandlerMapping : Mapped "{[/v1/task/deleteTask],methods=[DELETE]}" onto public void com.crud.tasks.controller.TaskController.deleteTask(java.lang.Long)
2018-05-06 19:15:12.503  INFO 4106 --- [    Test worker] s.w.s.m.m.a.RequestMappingHandlerMapping : Mapped "{[/v1/task/getTasks],methods=[GET]}" onto public java.util.List<com.crud.tasks.domain.TaskDto> com.crud.tasks.controller.TaskController.getTasks()
2018-05-06 19:15:12.504  INFO 4106 --- [    Test worker] s.w.s.m.m.a.RequestMappingHandlerMapping : Mapped "{[/v1/task/createTask],methods=[POST],consumes=[application/json]}" onto public void com.crud.tasks.controller.TaskController.createTask(com.crud.tasks.domain.TaskDto)
2018-05-06 19:15:12.507  INFO 4106 --- [    Test worker] s.w.s.m.m.a.RequestMappingHandlerMapping : Mapped "{[/swagger-resources]}" onto public org.springframework.http.ResponseEntity<java.util.List<springfox.documentation.swagger.web.SwaggerResource>> springfox.documentation.swagger.web.ApiResourceController.swaggerResources()
2018-05-06 19:15:12.508  INFO 4106 --- [    Test worker] s.w.s.m.m.a.RequestMappingHandlerMapping : Mapped "{[/swagger-resources/configuration/security]}" onto public org.springframework.http.ResponseEntity<springfox.documentation.swagger.web.SecurityConfiguration> springfox.documentation.swagger.web.ApiResourceController.securityConfiguration()
2018-05-06 19:15:12.508  INFO 4106 --- [    Test worker] s.w.s.m.m.a.RequestMappingHandlerMapping : Mapped "{[/swagger-resources/configuration/ui]}" onto public org.springframework.http.ResponseEntity<springfox.documentation.swagger.web.UiConfiguration> springfox.documentation.swagger.web.ApiResourceController.uiConfiguration()
2018-05-06 19:15:12.514  INFO 4106 --- [    Test worker] s.w.s.m.m.a.RequestMappingHandlerMapping : Mapped "{[/error]}" onto public org.springframework.http.ResponseEntity<java.util.Map<java.lang.String, java.lang.Object>> org.springframework.boot.autoconfigure.web.servlet.error.BasicErrorController.error(javax.servlet.http.HttpServletRequest)
2018-05-06 19:15:12.515  INFO 4106 --- [    Test worker] s.w.s.m.m.a.RequestMappingHandlerMapping : Mapped "{[/error],produces=[text/html]}" onto public org.springframework.web.servlet.ModelAndView org.springframework.boot.autoconfigure.web.servlet.error.BasicErrorController.errorHtml(javax.servlet.http.HttpServletRequest,javax.servlet.http.HttpServletResponse)
2018-05-06 19:15:12.588  INFO 4106 --- [    Test worker] pertySourcedRequestMappingHandlerMapping : Mapped URL path [/v2/api-docs] onto method [public org.springframework.http.ResponseEntity<springfox.documentation.spring.web.json.Json> springfox.documentation.swagger2.web.Swagger2Controller.getDocumentation(java.lang.String,javax.servlet.http.HttpServletRequest)]
2018-05-06 19:15:12.725  INFO 4106 --- [    Test worker] s.w.s.m.m.a.RequestMappingHandlerAdapter : Looking for @ControllerAdvice: org.springframework.web.context.support.GenericWebApplicationContext@664e34d8: startup date [Sun May 06 19:15:12 CEST 2018]; root of context hierarchy
2018-05-06 19:15:12.747  INFO 4106 --- [    Test worker] o.s.w.s.handler.SimpleUrlHandlerMapping  : Mapped URL path [/lib/**] onto handler of type [class org.springframework.web.servlet.resource.ResourceHttpRequestHandler]
2018-05-06 19:15:12.747  INFO 4106 --- [    Test worker] o.s.w.s.handler.SimpleUrlHandlerMapping  : Mapped URL path [/images/**] onto handler of type [class org.springframework.web.servlet.resource.ResourceHttpRequestHandler]
2018-05-06 19:15:12.748  INFO 4106 --- [    Test worker] o.s.w.s.handler.SimpleUrlHandlerMapping  : Mapped URL path [/css/**] onto handler of type [class org.springframework.web.servlet.resource.ResourceHttpRequestHandler]
2018-05-06 19:15:12.748  INFO 4106 --- [    Test worker] o.s.w.s.handler.SimpleUrlHandlerMapping  : Mapped URL path [/swagger-ui.html] onto handler of type [class org.springframework.web.servlet.resource.ResourceHttpRequestHandler]
2018-05-06 19:15:12.748  INFO 4106 --- [    Test worker] o.s.w.s.handler.SimpleUrlHandlerMapping  : Mapped URL path [/webjars/**] onto handler of type [class org.springframework.web.servlet.resource.ResourceHttpRequestHandler]
2018-05-06 19:15:12.748  INFO 4106 --- [    Test worker] o.s.w.s.handler.SimpleUrlHandlerMapping  : Mapped URL path [/**] onto handler of type [class org.springframework.web.servlet.resource.ResourceHttpRequestHandler]
2018-05-06 19:15:12.771  INFO 4106 --- [    Test worker] o.s.w.s.handler.SimpleUrlHandlerMapping  : Mapped URL path [/**/favicon.ico] onto handler of type [class org.springframework.web.servlet.resource.ResourceHttpRequestHandler]
2018-05-06 19:15:12.840  INFO 4106 --- [    Test worker] o.s.b.t.m.w.SpringBootMockServletContext : Initializing Spring FrameworkServlet ''
2018-05-06 19:15:12.840  INFO 4106 --- [    Test worker] o.s.t.web.servlet.TestDispatcherServlet  : FrameworkServlet '': initialization started
2018-05-06 19:15:12.849  INFO 4106 --- [    Test worker] o.s.t.web.servlet.TestDispatcherServlet  : FrameworkServlet '': initialization completed in 8 ms
2018-05-06 19:15:12.962  INFO 4106 --- [    Test worker] o.s.c.support.DefaultLifecycleProcessor  : Starting beans in phase 2147483647
2018-05-06 19:15:12.962  INFO 4106 --- [    Test worker] d.s.w.p.DocumentationPluginsBootstrapper : Context refreshed
2018-05-06 19:15:12.963  INFO 4106 --- [    Test worker] d.s.w.p.DocumentationPluginsBootstrapper : Found 1 custom documentation plugin(s)
2018-05-06 19:15:12.968  INFO 4106 --- [    Test worker] s.d.s.w.s.ApiListingReferenceScanner     : Scanning for api listing references
2018-05-06 19:15:13.073  INFO 4106 --- [    Test worker] c.c.tasks.controller.TaskControllerTest  : Started TaskControllerTest in 1.105 seconds (JVM running for 6.29)
]]></system-out>
  <system-err><![CDATA[]]></system-err>
</testsuite>
