<?xml version="1.0" encoding="UTF-8"?>
<testsuite name="com.crud.tasks.trello.client.TrelloClientTest" tests="3" skipped="0" failures="0" errors="0" timestamp="2018-05-18T18:44:55" hostname="MBP-Marcin" time="0.009">
  <properties/>
  <testcase name="shouldReturnEmptyList" classname="com.crud.tasks.trello.client.TrelloClientTest" time="0.003"/>
  <testcase name="shouldFetchTrelloBoards" classname="com.crud.tasks.trello.client.TrelloClientTest" time="0.001"/>
  <testcase name="shouldCreateCard" classname="com.crud.tasks.trello.client.TrelloClientTest" time="0.002"/>
  <system-out><![CDATA[2018-05-18 20:44:55.449  INFO 1032 --- [pool-4-thread-1] o.h.h.i.QueryTranslatorFactoryInitiator  : HHH000397: Using ASTQueryTranslatorFactory
2018-05-18 20:44:55.622  INFO 1032 --- [pool-4-thread-1] o.s.mail.SimpleMailMessage               : Starting email preparation..
]]></system-out>
  <system-err><![CDATA[]]></system-err>
</testsuite>
