<?xml version="1.0" encoding="UTF-8"?>
<testsuite name="com.crud.tasks.facade.TrelloFacadeTest" tests="2" skipped="0" failures="0" errors="0" timestamp="2018-05-19T08:20:41" hostname="MBP-Marcin" time="0.011">
  <properties/>
  <testcase name="shouldFetchTrelloBoards" classname="com.crud.tasks.facade.TrelloFacadeTest" time="0.01"/>
  <testcase name="shouldFetchEmptyList" classname="com.crud.tasks.facade.TrelloFacadeTest" time="0.0"/>
  <system-out><![CDATA[]]></system-out>
  <system-err><![CDATA[]]></system-err>
</testsuite>
